<?xml version="1.0" encoding="UTF-8"?>
<!-- Generated by org.testng.reporters.JUnitXMLReporter -->
<testsuite ignored="0" hostname="LAPTOP-SMJ68QD9" failures="0" tests="4" name="Default test" time="63.935" errors="0" timestamp="2024-05-16T03:03:31 IST">
  <testcase classname="crm.OrgTest.CreateOrgWith4Scripts" name="createOrgWithIndustryTypeTest" time="9.931"/>
  <testcase classname="crm.OrgTest.CreateOrgWith4Scripts" name="createOrgWithPhoneNumTest" time="9.175"/>
  <testcase classname="crm.OrgTest.CreateOrgWith4Scripts" name="createOrganisationTest" time="9.115"/>
  <testcase classname="crm.OrgTest.CreateOrgWith4Scripts" name="deleteOrgNameTest" time="12.073"/>
</testsuite> <!-- Default test -->
