<?xml version="1.0" encoding="UTF-8"?>
<!-- Generated by org.testng.reporters.JUnitXMLReporter -->
<testsuite ignored="0" hostname="DESKTOP-5DJG0VO" failures="0" tests="3" name="Testrunner-Firefox" time="79.73" errors="0" timestamp="2024-05-06T13:40:08 IST">
  <testcase classname="crm.ContactTest.createContactWith3ScrptsTest" name="createContactTest" time="13.046"/>
  <testcase classname="crm.ContactTest.createContactWith3ScrptsTest" name="createContactWithOrgNameTest" time="24.544"/>
  <testcase classname="crm.ContactTest.createContactWith3ScrptsTest" name="createContactWithSupportDateTest" time="12.045"/>
</testsuite> <!-- Testrunner-Firefox -->
