<?xml version="1.0" encoding="UTF-8"?>
<!-- Generated by org.testng.reporters.JUnitXMLReporter -->
<testsuite ignored="2" hostname="DESKTOP-5DJG0VO" failures="0" tests="7" name="TestRunner-Edge" time="269.014" errors="0" timestamp="2024-05-04T16:05:33 IST">
  <testcase classname="crm.ContactTest.createContactWith3ScrptsTest" name="createContactTest" time="19.91"/>
  <testcase classname="crm.ContactTest.createContactWith3ScrptsTest" name="createContactWithOrgNameTest" time="37.684"/>
  <testcase classname="crm.ContactTest.createContactWith3ScrptsTest" name="createContactWithSupportDateTest" time="21.871"/>
  <testcase classname="crm.OrgTest.CreateOrgWith4Scripts" name="createOrgWithIndustryTypeTest" time="25.254"/>
  <testcase classname="crm.OrgTest.CreateOrgWith4Scripts" name="createOrgWithPhoneNumTest" time="20.075"/>
  <testcase classname="crm.OrgTest.CreateOrgWith4Scripts" name="createOrganisationTest" time="20.168"/>
  <testcase classname="crm.OrgTest.CreateOrgWith4Scripts" name="deleteOrgNameTest" time="23.155"/>
  <testcase classname="com.comcas.crm.baseTest.BaseClass" name="@BeforeSuite conFigBS" time="0.0">
    <ignored/>
  </testcase> <!-- @BeforeSuite conFigBS -->
  <testcase classname="com.comcas.crm.baseTest.BaseClass" name="@AfterSuite conFigAS" time="0.0">
    <ignored/>
  </testcase> <!-- @AfterSuite conFigAS -->
</testsuite> <!-- TestRunner-Edge -->
