<?xml version="1.0" encoding="UTF-8"?>
<testng-results ignored="0" total="4" passed="4" failed="0" skipped="0">
  <reporter-output>
  </reporter-output>
  <suite started-at="2024-05-16T03:02:27 IST" name="Default suite" finished-at="2024-05-16T03:03:31 IST" duration-ms="63935">
    <groups>
      <group name="regressionTest">
        <method signature="CreateOrgWith4Scripts.createOrgWithIndustryTypeTest()[pri:0, instance:crm.OrgTest.CreateOrgWith4Scripts@17fc391b]" name="createOrgWithIndustryTypeTest" class="crm.OrgTest.CreateOrgWith4Scripts"/>
        <method signature="CreateOrgWith4Scripts.createOrgWithPhoneNumTest()[pri:0, instance:crm.OrgTest.CreateOrgWith4Scripts@17fc391b]" name="createOrgWithPhoneNumTest" class="crm.OrgTest.CreateOrgWith4Scripts"/>
        <method signature="CreateOrgWith4Scripts.deleteOrgNameTest()[pri:0, instance:crm.OrgTest.CreateOrgWith4Scripts@17fc391b]" name="deleteOrgNameTest" class="crm.OrgTest.CreateOrgWith4Scripts"/>
      </group> <!-- regressionTest -->
      <group name="smokeTest">
        <method signature="CreateOrgWith4Scripts.createOrganisationTest()[pri:0, instance:crm.OrgTest.CreateOrgWith4Scripts@17fc391b]" name="createOrganisationTest" class="crm.OrgTest.CreateOrgWith4Scripts"/>
      </group> <!-- smokeTest -->
    </groups>
    <test started-at="2024-05-16T03:02:27 IST" name="Default test" finished-at="2024-05-16T03:03:31 IST" duration-ms="63935">
      <class name="crm.OrgTest.CreateOrgWith4Scripts">
        <test-method is-config="true" signature="conFigBS()[pri:0, instance:crm.OrgTest.CreateOrgWith4Scripts@17fc391b]" started-at="2024-05-16T03:02:27 IST" name="conFigBS" finished-at="2024-05-16T03:02:27 IST" duration-ms="227" status="PASS">
          <reporter-output>
          </reporter-output>
        </test-method> <!-- conFigBS -->
        <test-method is-config="true" signature="conFigBC()[pri:0, instance:crm.OrgTest.CreateOrgWith4Scripts@17fc391b]" started-at="2024-05-16T03:02:27 IST" name="conFigBC" finished-at="2024-05-16T03:02:31 IST" duration-ms="4033" status="PASS">
          <reporter-output>
          </reporter-output>
        </test-method> <!-- conFigBC -->
        <test-method is-config="true" signature="conFigBM()[pri:0, instance:crm.OrgTest.CreateOrgWith4Scripts@17fc391b]" started-at="2024-05-16T03:02:31 IST" name="conFigBM" finished-at="2024-05-16T03:02:34 IST" duration-ms="3379" status="PASS">
          <reporter-output>
          </reporter-output>
        </test-method> <!-- conFigBM -->
        <test-method signature="createOrgWithIndustryTypeTest()[pri:0, instance:crm.OrgTest.CreateOrgWith4Scripts@17fc391b]" started-at="2024-05-16T03:02:34 IST" name="createOrgWithIndustryTypeTest" finished-at="2024-05-16T03:02:44 IST" duration-ms="9931" status="PASS">
          <reporter-output>
          </reporter-output>
        </test-method> <!-- createOrgWithIndustryTypeTest -->
        <test-method is-config="true" signature="conFigAM()[pri:0, instance:crm.OrgTest.CreateOrgWith4Scripts@17fc391b]" started-at="2024-05-16T03:02:44 IST" name="conFigAM" finished-at="2024-05-16T03:02:46 IST" duration-ms="1407" status="PASS">
          <reporter-output>
          </reporter-output>
        </test-method> <!-- conFigAM -->
        <test-method is-config="true" signature="conFigBM()[pri:0, instance:crm.OrgTest.CreateOrgWith4Scripts@17fc391b]" started-at="2024-05-16T03:02:46 IST" name="conFigBM" finished-at="2024-05-16T03:02:48 IST" duration-ms="2796" status="PASS">
          <reporter-output>
          </reporter-output>
        </test-method> <!-- conFigBM -->
        <test-method signature="createOrgWithPhoneNumTest()[pri:0, instance:crm.OrgTest.CreateOrgWith4Scripts@17fc391b]" started-at="2024-05-16T03:02:48 IST" name="createOrgWithPhoneNumTest" finished-at="2024-05-16T03:02:58 IST" duration-ms="9175" status="PASS">
          <reporter-output>
          </reporter-output>
        </test-method> <!-- createOrgWithPhoneNumTest -->
        <test-method is-config="true" signature="conFigAM()[pri:0, instance:crm.OrgTest.CreateOrgWith4Scripts@17fc391b]" started-at="2024-05-16T03:02:58 IST" name="conFigAM" finished-at="2024-05-16T03:02:59 IST" duration-ms="1472" status="PASS">
          <reporter-output>
          </reporter-output>
        </test-method> <!-- conFigAM -->
        <test-method is-config="true" signature="conFigBM()[pri:0, instance:crm.OrgTest.CreateOrgWith4Scripts@17fc391b]" started-at="2024-05-16T03:02:59 IST" name="conFigBM" finished-at="2024-05-16T03:03:02 IST" duration-ms="2809" status="PASS">
          <reporter-output>
          </reporter-output>
        </test-method> <!-- conFigBM -->
        <test-method signature="createOrganisationTest()[pri:0, instance:crm.OrgTest.CreateOrgWith4Scripts@17fc391b]" started-at="2024-05-16T03:03:02 IST" name="createOrganisationTest" finished-at="2024-05-16T03:03:11 IST" duration-ms="9115" status="PASS">
          <reporter-output>
          </reporter-output>
        </test-method> <!-- createOrganisationTest -->
        <test-method is-config="true" signature="conFigAM()[pri:0, instance:crm.OrgTest.CreateOrgWith4Scripts@17fc391b]" started-at="2024-05-16T03:03:11 IST" name="conFigAM" finished-at="2024-05-16T03:03:12 IST" duration-ms="1255" status="PASS">
          <reporter-output>
          </reporter-output>
        </test-method> <!-- conFigAM -->
        <test-method is-config="true" signature="conFigBM()[pri:0, instance:crm.OrgTest.CreateOrgWith4Scripts@17fc391b]" started-at="2024-05-16T03:03:12 IST" name="conFigBM" finished-at="2024-05-16T03:03:15 IST" duration-ms="2792" status="PASS">
          <reporter-output>
          </reporter-output>
        </test-method> <!-- conFigBM -->
        <test-method signature="deleteOrgNameTest()[pri:0, instance:crm.OrgTest.CreateOrgWith4Scripts@17fc391b]" started-at="2024-05-16T03:03:15 IST" name="deleteOrgNameTest" finished-at="2024-05-16T03:03:27 IST" duration-ms="12073" status="PASS">
          <reporter-output>
          </reporter-output>
        </test-method> <!-- deleteOrgNameTest -->
        <test-method is-config="true" signature="conFigAM()[pri:0, instance:crm.OrgTest.CreateOrgWith4Scripts@17fc391b]" started-at="2024-05-16T03:03:27 IST" name="conFigAM" finished-at="2024-05-16T03:03:30 IST" duration-ms="3363" status="PASS">
          <reporter-output>
          </reporter-output>
        </test-method> <!-- conFigAM -->
        <test-method is-config="true" signature="conFigAC()[pri:0, instance:crm.OrgTest.CreateOrgWith4Scripts@17fc391b]" started-at="2024-05-16T03:03:30 IST" name="conFigAC" finished-at="2024-05-16T03:03:31 IST" duration-ms="289" status="PASS">
          <reporter-output>
          </reporter-output>
        </test-method> <!-- conFigAC -->
        <test-method is-config="true" signature="conFigAS()[pri:0, instance:crm.OrgTest.CreateOrgWith4Scripts@17fc391b]" started-at="2024-05-16T03:03:31 IST" name="conFigAS" finished-at="2024-05-16T03:03:31 IST" duration-ms="16" status="PASS">
          <reporter-output>
          </reporter-output>
        </test-method> <!-- conFigAS -->
      </class> <!-- crm.OrgTest.CreateOrgWith4Scripts -->
    </test> <!-- Default test -->
  </suite> <!-- Default suite -->
</testng-results>
